<?xml version="1.0" encoding="UTF-8"?>
<!-- Generated by org.testng.reporters.JUnitXMLReporter -->
<testsuite hostname="xb-PC" name="Test" tests="1" failures="0" timestamp="15 Dec 2018 15:10:20 GMT" time="0.713" errors="0">
  <testcase name="@BeforeMethod beforeMethod" time="0.0" classname="com.cases.KfglTest_New">
    <failure type="java.lang.IllegalStateException" message="The driver executable does not exist: D:\workspase3\uiAutoMaven\target\test-classes\res\IEDriverServer_32.exe">
      <![CDATA[java.lang.IllegalStateException: The driver executable does not exist: D:\workspase3\uiAutoMaven\target\test-classes\res\IEDriverServer_32.exe
	at com.google.common.base.Preconditions.checkState(Preconditions.java:197)
	at org.openqa.selenium.remote.service.DriverService.checkExecutable(DriverService.java:121)
	at org.openqa.selenium.remote.service.DriverService.findExecutable(DriverService.java:116)
	at org.openqa.selenium.ie.InternetExplorerDriverService.access$000(InternetExplorerDriverService.java:32)
	at org.openqa.selenium.ie.InternetExplorerDriverService$Builder.findDefaultExecutable(InternetExplorerDriverService.java:167)
	at org.openqa.selenium.remote.service.DriverService$Builder.build(DriverService.java:296)
	at org.openqa.selenium.ie.InternetExplorerDriver.setupService(InternetExplorerDriver.java:251)
	at org.openqa.selenium.ie.InternetExplorerDriver.<init>(InternetExplorerDriver.java:172)
	at org.openqa.selenium.ie.InternetExplorerDriver.<init>(InternetExplorerDriver.java:146)
	at com.config.DriverManage.getDriver(DriverManage.java:32)
	at com.cases.TestBase.beforeMethod(TestBase.java:44)
... Removed 26 stack frames]]>
    </failure>
  </testcase> <!-- @BeforeMethod beforeMethod -->
  <testcase name="@AfterMethod afterMethod" time="0.0" classname="com.cases.KfglTest_New">
    <skipped/>
  </testcase> <!-- @AfterMethod afterMethod -->
  <testcase name="@AfterClass afterClass" time="0.0" classname="com.cases.KfglTest_New">
    <skipped/>
  </testcase> <!-- @AfterClass afterClass -->
  <testcase name="kfgl_0001_LoginSucc" time="0.001" classname="com.cases.KfglTest_New">
    <skipped/>
  </testcase> <!-- kfgl_0001_LoginSucc -->
</testsuite> <!-- Test -->
